<?xml version="1.0" encoding="UTF-8"?>
<!-- Generated by org.testng.reporters.JUnitReportReporter -->
<testsuite hostname="DESKTOP-FSGGBSE" failures="0" tests="7" name="org.tes.Testannotation" time="67.344" errors="0" timestamp="2023-04-01T21:16:55 IST" skipped="0">
  <testcase classname="org.tes.Testannotation" name="tc1" time="5.238"/>
  <system-out/>
  <testcase classname="org.tes.Testannotation" name="tc3" time="14.207"/>
  <system-out/>
  <testcase classname="org.tes.Testannotation" name="tc10" time="12.344"/>
  <system-out/>
  <testcase classname="org.tes.Testannotation" name="tc6" time="5.392"/>
  <system-out/>
  <testcase classname="org.tes.Testannotation" name="tc12" time="18.407"/>
  <system-out/>
  <testcase classname="org.tes.Testannotation" name="tc7" time="8.784"/>
  <system-out/>
  <testcase classname="org.tes.Testannotation" name="tc18" time="2.972"/>
  <system-out/>
</testsuite> <!-- org.tes.Testannotation -->
